<?xml version="1.0" encoding="UTF-8"?>
<!-- Generated by org.testng.reporters.JUnitReportReporter -->
<testsuite hostname="NICDM193" failures="0" tests="1" name="testcases.triptypeTC" time="1.768" errors="0" timestamp="2022-02-08T16:17:35 IST" skipped="0">
  <testcase classname="testcases.triptypeTC" name="Triptype" time="1.768"/>
  <system-out/>
</testsuite> <!-- testcases.triptypeTC -->
