<?xml version="1.0" encoding="UTF-8"?>
<!-- Generated by org.testng.reporters.JUnitReportReporter -->
<testsuite hostname="NICDM193" failures="0" tests="1" name="testcases.GetStartedTC" time="15.330" errors="0" timestamp="2022-02-08T16:14:04 IST" skipped="0">
  <testcase classname="testcases.GetStartedTC" name="GetStart" time="15.330"/>
  <system-out/>
</testsuite> <!-- testcases.GetStartedTC -->
